Streaming transaction logs mentioning Fg6PaFpoGXkYsidMpWTK6W2BeZ7FEfcYkg476zPFsLnS. Confirmed commitment
Transaction executed in slot 3:
  Signature: 5HFtN8gZTAs39F63GyL8qTjXmRvrN7FMHsmPXomKGwJau2TBD7rFCgpLvZ8i6ra8kpZu5A43QM6aNL3HEWsZ4Wsc
  Status: Ok
  Log Messages:
    Program Fg6PaFpoGXkYsidMpWTK6W2BeZ7FEfcYkg476zPFsLnS invoke [1]
    Program log: Instruction: Create
    Program 11111111111111111111111111111111 invoke [2]
    Program 11111111111111111111111111111111 success
    Program Fg6PaFpoGXkYsidMpWTK6W2BeZ7FEfcYkg476zPFsLnS consumed 7771 of 200000 compute units
    Program Fg6PaFpoGXkYsidMpWTK6W2BeZ7FEfcYkg476zPFsLnS success
Transaction executed in slot 4:
  Signature: 5kDszz5xCgNQ8ozu2iaPkkZFp8qfRBPjxtCCSS5DbsLovk8fLEvohvuLgkDJWPZDjWaZjD8tJLHin1uSjZvZkoSG
  Status: Ok
  Log Messages:
    Program Fg6PaFpoGXkYsidMpWTK6W2BeZ7FEfcYkg476zPFsLnS invoke [1]
    Program log: Instruction: Add
    Program Fg6PaFpoGXkYsidMpWTK6W2BeZ7FEfcYkg476zPFsLnS consumed 2333 of 200000 compute units
    Program Fg6PaFpoGXkYsidMpWTK6W2BeZ7FEfcYkg476zPFsLnS success
Transaction executed in slot 5:
  Signature: i8Fy7H6o4hucae5tSmaABsSQc4cdv2pfsruidrFduvLi4sFrUm1UxFTUZnCEnZteJXtRJrmZFUSu1WB3UNnWvV5
  Status: Ok
  Log Messages:
    Program Fg6PaFpoGXkYsidMpWTK6W2BeZ7FEfcYkg476zPFsLnS invoke [1]
    Program log: Instruction: Multiply
    Program Fg6PaFpoGXkYsidMpWTK6W2BeZ7FEfcYkg476zPFsLnS consumed 2376 of 200000 compute units
    Program Fg6PaFpoGXkYsidMpWTK6W2BeZ7FEfcYkg476zPFsLnS success
Transaction executed in slot 6:
  Signature: 664AKRYoJSqPqmtFt9giyX1WbS7YPnGgRi1t2S5Ayo3rtDbYbcS7rskkz1RATLGLpTjA2bRvCWzy54h8i2NbiDqM
  Status: Ok
  Log Messages:
    Program Fg6PaFpoGXkYsidMpWTK6W2BeZ7FEfcYkg476zPFsLnS invoke [1]
    Program log: Instruction: Subtract
    Program Fg6PaFpoGXkYsidMpWTK6W2BeZ7FEfcYkg476zPFsLnS consumed 2331 of 200000 compute units
    Program Fg6PaFpoGXkYsidMpWTK6W2BeZ7FEfcYkg476zPFsLnS success
